#
# A fatal error has been detected by the Java Runtime Environment:
#
#  SIGSEGV (0xb) at pc=0x0000000108e962ce, pid=5305, tid=7171
#
# JRE version: OpenJDK Runtime Environment (15.0.2+7) (build 15.0.2+7-27)
# Java VM: OpenJDK 64-Bit Server VM (15.0.2+7-27, mixed mode, tiered, compressed oops, g1 gc, bsd-amd64)
# Problematic frame:
# C  [libjimage.dylib+0x32ce]  ImageFileReader::find_location_index(char const*, unsigned long long*) const+0x2e
#
# No core dump will be written. Core dumps have been disabled. To enable core dumping, try "ulimit -c unlimited" before starting Java again
#
# If you would like to submit a bug report, please visit:
#   https://bugreport.java.com/bugreport/crash.jsp
#

---------------  S U M M A R Y ------------

Command Line: -XX:+ShowCodeDetailsInExceptionMessages -agentlib:jdwp=transport=dt_socket,suspend=y,address=localhost:58763 -javaagent:/Applications/Eclipse.app/Contents/Eclipse/configuration/org.eclipse.osgi/645/0/.cp/lib/javaagent-shaded.jar -Dfile.encoding=UTF-8 forStatement.shootAStar1

Host: MacBookAir10,1 x86_64 2400 MHz, 8 cores, 16G, Darwin 20.5.0
Time: Sun Jun 20 23:32:21 2021 KST elapsed time: 1267.670472 seconds (0d 0h 21m 7s)

---------------  T H R E A D  ---------------

Current thread (0x00007fadaf81cc00):  JavaThread "main" [_thread_in_vm, id=7171, stack(0x0000000305bad000,0x0000000305cad000)]

Stack: [0x0000000305bad000,0x0000000305cad000],  sp=0x0000000305cab260,  free space=1016k
Native frames: (J=compiled Java code, A=aot compiled Java code, j=interpreted, Vv=VM code, C=native code)
C  [libjimage.dylib+0x32ce]  ImageFileReader::find_location_index(char const*, unsigned long long*) const+0x2e
C  [libjimage.dylib+0x37a0]